<?xml version="1.0" encoding="utf-8"?>
<CoverageSession>
  <Summary numSequencePoints="317" visitedSequencePoints="290" numBranchPoints="105" visitedBranchPoints="90" sequenceCoverage="91.48" branchCoverage="85.71" maxCyclomaticComplexity="121" minCyclomaticComplexity="121" visitedClasses="6" numClasses="8" visitedMethods="24" numMethods="27" />
  <Modules>
    <Module hash="1C56BC44-3A61-4218-8460-D8E2FAAFA88A">
      <ModulePath>ATMSimulation.dll</ModulePath>
      <ModuleTime>2024-04-27T05:02:23</ModuleTime>
      <ModuleName>ATMSimulation</ModuleName>
      <Files>
        <File uid="1" fullPath="/Users/luozhuang/CS509/atm/ATMSimulation/Program.cs" />
        <File uid="2" fullPath="/Users/luozhuang/CS509/atm/ATMSimulation/UserInterface.cs" />
        <File uid="3" fullPath="/Users/luozhuang/CS509/atm/ATMSimulation/DatabaseConnection.cs" />
        <File uid="4" fullPath="/Users/luozhuang/CS509/atm/ATMSimulation/Administrator.cs" />
        <File uid="5" fullPath="/Users/luozhuang/CS509/atm/ATMSimulation/Customer.cs" />
        <File uid="6" fullPath="/Users/luozhuang/CS509/atm/ATMSimulation/User.cs" />
      </Files>
      <Classes>
        <Class>
          <Summary numSequencePoints="9" visitedSequencePoints="0" numBranchPoints="0" visitedBranchPoints="0" sequenceCoverage="0" branchCoverage="100" maxCyclomaticComplexity="1" minCyclomaticComplexity="1" visitedClasses="0" numClasses="1" visitedMethods="0" numMethods="1" />
          <FullName>Program</FullName>
          <Methods>
            <Method cyclomaticComplexity="1" nPathComplexity="1" sequenceCoverage="0" branchCoverage="100" isConstructor="False" isGetter="False" isSetter="False" isStatic="True">
              <Summary numSequencePoints="9" visitedSequencePoints="0" numBranchPoints="0" visitedBranchPoints="0" sequenceCoverage="0" branchCoverage="100" maxCyclomaticComplexity="1" minCyclomaticComplexity="1" visitedClasses="0" numClasses="0" visitedMethods="0" numMethods="1" />
              <MetadataToken />
              <Name>System.Void Program::&lt;Main&gt;$(System.String[])</Name>
              <FileRef uid="1" />
              <SequencePoints>
                <SequencePoint vc="0" uspid="6" ordinal="0" sl="6" sc="1" el="6" ec="2" bec="0" bev="0" fileid="1" />
                <SequencePoint vc="0" uspid="7" ordinal="1" sl="7" sc="1" el="7" ec="2" bec="0" bev="0" fileid="1" />
                <SequencePoint vc="0" uspid="8" ordinal="2" sl="8" sc="1" el="8" ec="2" bec="0" bev="0" fileid="1" />
                <SequencePoint vc="0" uspid="9" ordinal="3" sl="9" sc="1" el="9" ec="2" bec="0" bev="0" fileid="1" />
                <SequencePoint vc="0" uspid="10" ordinal="4" sl="10" sc="1" el="10" ec="2" bec="0" bev="0" fileid="1" />
                <SequencePoint vc="0" uspid="11" ordinal="5" sl="11" sc="1" el="11" ec="2" bec="0" bev="0" fileid="1" />
                <SequencePoint vc="0" uspid="12" ordinal="6" sl="12" sc="1" el="12" ec="2" bec="0" bev="0" fileid="1" />
                <SequencePoint vc="0" uspid="13" ordinal="7" sl="13" sc="1" el="13" ec="2" bec="0" bev="0" fileid="1" />
                <SequencePoint vc="0" uspid="14" ordinal="8" sl="14" sc="1" el="14" ec="2" bec="0" bev="0" fileid="1" />
              </SequencePoints>
              <BranchPoints />
              <MethodPoint vc="0" uspid="0" p8:type="SequencePoint" ordinal="0" offset="0" sc="0" sl="6" ec="1" el="14" bec="0" bev="0" fileid="1" xmlns:p8="xsi" />
            </Method>
          </Methods>
        </Class>
        <Class>
          <Summary numSequencePoints="4" visitedSequencePoints="0" numBranchPoints="0" visitedBranchPoints="0" sequenceCoverage="0" branchCoverage="100" maxCyclomaticComplexity="1" minCyclomaticComplexity="1" visitedClasses="0" numClasses="1" visitedMethods="0" numMethods="1" />
          <FullName>ATMSimulation.ATMModule</FullName>
          <Methods>
            <Method cyclomaticComplexity="1" nPathComplexity="1" sequenceCoverage="0" branchCoverage="100" isConstructor="False" isGetter="False" isSetter="False" isStatic="True">
              <Summary numSequencePoints="4" visitedSequencePoints="0" numBranchPoints="0" visitedBranchPoints="0" sequenceCoverage="0" branchCoverage="100" maxCyclomaticComplexity="1" minCyclomaticComplexity="1" visitedClasses="0" numClasses="0" visitedMethods="0" numMethods="1" />
              <MetadataToken />
              <Name>System.Void ATMSimulation.ATMModule::Load()</Name>
              <FileRef uid="1" />
              <SequencePoints>
                <SequencePoint vc="0" uspid="28" ordinal="0" sl="28" sc="1" el="28" ec="2" bec="0" bev="0" fileid="1" />
                <SequencePoint vc="0" uspid="29" ordinal="1" sl="29" sc="1" el="29" ec="2" bec="0" bev="0" fileid="1" />
                <SequencePoint vc="0" uspid="30" ordinal="2" sl="30" sc="1" el="30" ec="2" bec="0" bev="0" fileid="1" />
                <SequencePoint vc="0" uspid="31" ordinal="3" sl="31" sc="1" el="31" ec="2" bec="0" bev="0" fileid="1" />
              </SequencePoints>
              <BranchPoints />
              <MethodPoint vc="0" uspid="0" p8:type="SequencePoint" ordinal="0" offset="0" sc="0" sl="28" ec="1" el="31" bec="0" bev="0" fileid="1" xmlns:p8="xsi" />
            </Method>
          </Methods>
        </Class>
        <Class>
          <Summary numSequencePoints="3" visitedSequencePoints="3" numBranchPoints="0" visitedBranchPoints="0" sequenceCoverage="100" branchCoverage="100" maxCyclomaticComplexity="1" minCyclomaticComplexity="1" visitedClasses="1" numClasses="1" visitedMethods="2" numMethods="2" />
          <FullName>ATMSimulation.ATM</FullName>
          <Methods>
            <Method cyclomaticComplexity="1" nPathComplexity="1" sequenceCoverage="100" branchCoverage="100" isConstructor="False" isGetter="False" isSetter="False" isStatic="True">
              <Summary numSequencePoints="1" visitedSequencePoints="1" numBranchPoints="0" visitedBranchPoints="0" sequenceCoverage="100" branchCoverage="100" maxCyclomaticComplexity="1" minCyclomaticComplexity="1" visitedClasses="0" numClasses="0" visitedMethods="1" numMethods="1" />
              <MetadataToken />
              <Name>System.Void ATMSimulation.ATM::Start()</Name>
              <FileRef uid="1" />
              <SequencePoints>
                <SequencePoint vc="1" uspid="38" ordinal="0" sl="38" sc="1" el="38" ec="2" bec="0" bev="0" fileid="1" />
              </SequencePoints>
              <BranchPoints />
              <MethodPoint vc="1" uspid="0" p8:type="SequencePoint" ordinal="0" offset="0" sc="0" sl="38" ec="1" el="38" bec="0" bev="0" fileid="1" xmlns:p8="xsi" />
            </Method>
            <Method cyclomaticComplexity="1" nPathComplexity="1" sequenceCoverage="100" branchCoverage="100" isConstructor="True" isGetter="False" isSetter="False" isStatic="True">
              <Summary numSequencePoints="2" visitedSequencePoints="2" numBranchPoints="0" visitedBranchPoints="0" sequenceCoverage="100" branchCoverage="100" maxCyclomaticComplexity="1" minCyclomaticComplexity="1" visitedClasses="0" numClasses="0" visitedMethods="1" numMethods="1" />
              <MetadataToken />
              <Name>System.Void ATMSimulation.ATM::.ctor(ATMSimulation.UI.IUserInterface)</Name>
              <FileRef uid="1" />
              <SequencePoints>
                <SequencePoint vc="1" uspid="34" ordinal="0" sl="34" sc="1" el="34" ec="2" bec="0" bev="0" fileid="1" />
                <SequencePoint vc="1" uspid="36" ordinal="1" sl="36" sc="1" el="36" ec="2" bec="0" bev="0" fileid="1" />
              </SequencePoints>
              <BranchPoints />
              <MethodPoint vc="2" uspid="0" p8:type="SequencePoint" ordinal="1" offset="1" sc="0" sl="34" ec="1" el="36" bec="0" bev="0" fileid="1" xmlns:p8="xsi" />
            </Method>
          </Methods>
        </Class>
        <Class>
          <Summary numSequencePoints="183" visitedSequencePoints="175" numBranchPoints="93" visitedBranchPoints="79" sequenceCoverage="95.62" branchCoverage="84.94" maxCyclomaticComplexity="50" minCyclomaticComplexity="1" visitedClasses="1" numClasses="1" visitedMethods="6" numMethods="6" />
          <FullName>ATMSimulation.UI.ConsoleUserInterface</FullName>
          <Methods>
            <Method cyclomaticComplexity="14" nPathComplexity="14" sequenceCoverage="100" branchCoverage="71.42" isConstructor="False" isGetter="False" isSetter="False" isStatic="True">
              <Summary numSequencePoints="21" visitedSequencePoints="21" numBranchPoints="14" visitedBranchPoints="10" sequenceCoverage="100" branchCoverage="71.42" maxCyclomaticComplexity="14" minCyclomaticComplexity="14" visitedClasses="0" numClasses="0" visitedMethods="1" numMethods="1" />
              <MetadataToken />
              <Name>System.Void ATMSimulation.UI.ConsoleUserInterface::DisplayLoginScreen()</Name>
              <FileRef uid="2" />
              <SequencePoints>
                <SequencePoint vc="19" uspid="25" ordinal="0" sl="25" sc="1" el="25" ec="2" bec="0" bev="0" fileid="2" />
                <SequencePoint vc="20" uspid="30" ordinal="1" sl="30" sc="1" el="30" ec="2" bec="0" bev="0" fileid="2" />
                <SequencePoint vc="20" uspid="31" ordinal="2" sl="31" sc="1" el="31" ec="2" bec="0" bev="0" fileid="2" />
                <SequencePoint vc="20" uspid="32" ordinal="3" sl="32" sc="1" el="32" ec="2" bec="0" bev="0" fileid="2" />
                <SequencePoint vc="20" uspid="34" ordinal="4" sl="34" sc="1" el="34" ec="2" bec="0" bev="0" fileid="2" />
                <SequencePoint vc="20" uspid="35" ordinal="5" sl="35" sc="1" el="35" ec="2" bec="0" bev="0" fileid="2" />
                <SequencePoint vc="20" uspid="37" ordinal="6" sl="37" sc="1" el="37" ec="2" bec="6" bev="4" fileid="2" />
                <SequencePoint vc="1" uspid="38" ordinal="7" sl="38" sc="1" el="38" ec="2" bec="0" bev="0" fileid="2" />
                <SequencePoint vc="1" uspid="39" ordinal="8" sl="39" sc="1" el="39" ec="2" bec="0" bev="0" fileid="2" />
                <SequencePoint vc="1" uspid="40" ordinal="9" sl="40" sc="1" el="40" ec="2" bec="0" bev="0" fileid="2" />
                <SequencePoint vc="20" uspid="41" ordinal="10" sl="41" sc="1" el="41" ec="2" bec="0" bev="0" fileid="2" />
                <SequencePoint vc="20" uspid="42" ordinal="11" sl="42" sc="1" el="42" ec="2" bec="6" bev="4" fileid="2" />
                <SequencePoint vc="19" uspid="44" ordinal="12" sl="44" sc="1" el="44" ec="2" bec="0" bev="0" fileid="2" />
                <SequencePoint vc="19" uspid="46" ordinal="13" sl="46" sc="1" el="46" ec="2" bec="2" bev="2" fileid="2" />
                <SequencePoint vc="18" uspid="47" ordinal="14" sl="47" sc="1" el="47" ec="2" bec="0" bev="0" fileid="2" />
                <SequencePoint vc="18" uspid="48" ordinal="15" sl="48" sc="1" el="48" ec="2" bec="0" bev="0" fileid="2" />
                <SequencePoint vc="18" uspid="49" ordinal="16" sl="49" sc="1" el="49" ec="2" bec="0" bev="0" fileid="2" />
                <SequencePoint vc="1" uspid="51" ordinal="17" sl="51" sc="1" el="51" ec="2" bec="0" bev="0" fileid="2" />
                <SequencePoint vc="1" uspid="52" ordinal="18" sl="52" sc="1" el="52" ec="2" bec="0" bev="0" fileid="2" />
                <SequencePoint vc="1" uspid="53" ordinal="19" sl="53" sc="1" el="53" ec="2" bec="0" bev="0" fileid="2" />
                <SequencePoint vc="19" uspid="54" ordinal="20" sl="54" sc="1" el="54" ec="2" bec="0" bev="0" fileid="2" />
              </SequencePoints>
              <BranchPoints>
                <BranchPoint vc="20" uspid="42" ordinal="11" path="1" offset="120" offsetend="1" sl="42" fileid="2" />
                <BranchPoint vc="20" uspid="37" ordinal="0" path="0" offset="42" offsetend="44" sl="37" fileid="2" />
                <BranchPoint vc="20" uspid="37" ordinal="2" path="0" offset="50" offsetend="52" sl="37" fileid="2" />
                <BranchPoint vc="0" uspid="37" ordinal="1" path="1" offset="42" offsetend="66" sl="37" fileid="2" />
                <BranchPoint vc="0" uspid="37" ordinal="3" path="1" offset="50" offsetend="66" sl="37" fileid="2" />
                <BranchPoint vc="1" uspid="37" ordinal="4" path="0" offset="69" offsetend="71" sl="37" fileid="2" />
                <BranchPoint vc="20" uspid="37" ordinal="5" path="1" offset="69" offsetend="84" sl="37" fileid="2" />
                <BranchPoint vc="20" uspid="42" ordinal="6" path="0" offset="91" offsetend="93" sl="42" fileid="2" />
                <BranchPoint vc="20" uspid="42" ordinal="8" path="0" offset="99" offsetend="101" sl="42" fileid="2" />
                <BranchPoint vc="0" uspid="42" ordinal="7" path="1" offset="91" offsetend="115" sl="42" fileid="2" />
                <BranchPoint vc="0" uspid="42" ordinal="9" path="1" offset="99" offsetend="115" sl="42" fileid="2" />
                <BranchPoint vc="19" uspid="42" ordinal="10" path="0" offset="120" offsetend="122" sl="42" fileid="2" />
                <BranchPoint vc="18" uspid="46" ordinal="12" path="0" offset="139" offsetend="141" sl="46" fileid="2" />
                <BranchPoint vc="1" uspid="46" ordinal="13" path="1" offset="139" offsetend="153" sl="46" fileid="2" />
              </BranchPoints>
              <MethodPoint vc="21" uspid="0" p8:type="SequencePoint" ordinal="0" offset="0" sc="0" sl="25" ec="1" el="54" bec="0" bev="0" fileid="2" xmlns:p8="xsi" />
            </Method>
            <Method cyclomaticComplexity="4" nPathComplexity="4" sequenceCoverage="100" branchCoverage="100" isConstructor="False" isGetter="False" isSetter="False" isStatic="True">
              <Summary numSequencePoints="21" visitedSequencePoints="21" numBranchPoints="4" visitedBranchPoints="4" sequenceCoverage="100" branchCoverage="100" maxCyclomaticComplexity="4" minCyclomaticComplexity="4" visitedClasses="0" numClasses="0" visitedMethods="1" numMethods="1" />
              <MetadataToken />
              <Name>ATMSimulation.Entities.User ATMSimulation.UI.ConsoleUserInterface::ValidateLogin(System.String,System.String)</Name>
              <FileRef uid="2" />
              <SequencePoints>
                <SequencePoint vc="19" uspid="57" ordinal="0" sl="57" sc="1" el="57" ec="2" bec="0" bev="0" fileid="2" />
                <SequencePoint vc="19" uspid="58" ordinal="1" sl="58" sc="1" el="58" ec="2" bec="0" bev="0" fileid="2" />
                <SequencePoint vc="19" uspid="59" ordinal="2" sl="59" sc="1" el="59" ec="2" bec="0" bev="0" fileid="2" />
                <SequencePoint vc="19" uspid="60" ordinal="3" sl="60" sc="1" el="60" ec="2" bec="0" bev="0" fileid="2" />
                <SequencePoint vc="19" uspid="62" ordinal="4" sl="62" sc="1" el="62" ec="2" bec="0" bev="0" fileid="2" />
                <SequencePoint vc="19" uspid="63" ordinal="5" sl="63" sc="1" el="63" ec="2" bec="0" bev="0" fileid="2" />
                <SequencePoint vc="19" uspid="64" ordinal="6" sl="64" sc="1" el="64" ec="2" bec="2" bev="2" fileid="2" />
                <SequencePoint vc="7" uspid="65" ordinal="7" sl="65" sc="1" el="65" ec="2" bec="0" bev="0" fileid="2" />
                <SequencePoint vc="7" uspid="66" ordinal="8" sl="66" sc="1" el="66" ec="2" bec="0" bev="0" fileid="2" />
                <SequencePoint vc="7" uspid="67" ordinal="9" sl="67" sc="1" el="67" ec="2" bec="0" bev="0" fileid="2" />
                <SequencePoint vc="7" uspid="68" ordinal="10" sl="68" sc="1" el="68" ec="2" bec="0" bev="0" fileid="2" />
                <SequencePoint vc="12" uspid="71" ordinal="11" sl="71" sc="1" el="71" ec="2" bec="0" bev="0" fileid="2" />
                <SequencePoint vc="12" uspid="73" ordinal="12" sl="73" sc="1" el="73" ec="2" bec="0" bev="0" fileid="2" />
                <SequencePoint vc="12" uspid="74" ordinal="13" sl="74" sc="1" el="74" ec="2" bec="0" bev="0" fileid="2" />
                <SequencePoint vc="12" uspid="75" ordinal="14" sl="75" sc="1" el="75" ec="2" bec="2" bev="2" fileid="2" />
                <SequencePoint vc="11" uspid="76" ordinal="15" sl="76" sc="1" el="76" ec="2" bec="0" bev="0" fileid="2" />
                <SequencePoint vc="11" uspid="77" ordinal="16" sl="77" sc="1" el="77" ec="2" bec="0" bev="0" fileid="2" />
                <SequencePoint vc="11" uspid="78" ordinal="17" sl="78" sc="1" el="78" ec="2" bec="0" bev="0" fileid="2" />
                <SequencePoint vc="1" uspid="81" ordinal="18" sl="81" sc="1" el="81" ec="2" bec="0" bev="0" fileid="2" />
                <SequencePoint vc="1" uspid="83" ordinal="19" sl="83" sc="1" el="83" ec="2" bec="0" bev="0" fileid="2" />
                <SequencePoint vc="19" uspid="84" ordinal="20" sl="84" sc="1" el="84" ec="2" bec="0" bev="0" fileid="2" />
              </SequencePoints>
              <BranchPoints>
                <BranchPoint vc="7" uspid="64" ordinal="0" path="0" offset="76" offsetend="78" sl="64" fileid="2" />
                <BranchPoint vc="12" uspid="64" ordinal="1" path="1" offset="76" offsetend="110" sl="64" fileid="2" />
                <BranchPoint vc="11" uspid="75" ordinal="2" path="0" offset="146" offsetend="148" sl="75" fileid="2" />
                <BranchPoint vc="1" uspid="75" ordinal="3" path="1" offset="146" offsetend="167" sl="75" fileid="2" />
              </BranchPoints>
              <MethodPoint vc="21" uspid="0" p8:type="SequencePoint" ordinal="1" offset="1" sc="0" sl="57" ec="1" el="84" bec="0" bev="0" fileid="2" xmlns:p8="xsi" />
            </Method>
            <Method cyclomaticComplexity="4" nPathComplexity="4" sequenceCoverage="100" branchCoverage="100" isConstructor="False" isGetter="False" isSetter="False" isStatic="True">
              <Summary numSequencePoints="10" visitedSequencePoints="10" numBranchPoints="4" visitedBranchPoints="4" sequenceCoverage="100" branchCoverage="100" maxCyclomaticComplexity="4" minCyclomaticComplexity="4" visitedClasses="0" numClasses="0" visitedMethods="1" numMethods="1" />
              <MetadataToken />
              <Name>System.Void ATMSimulation.UI.ConsoleUserInterface::DisplayMenu(ATMSimulation.Entities.User)</Name>
              <FileRef uid="2" />
              <SequencePoints>
                <SequencePoint vc="18" uspid="87" ordinal="0" sl="87" sc="1" el="87" ec="2" bec="0" bev="0" fileid="2" />
                <SequencePoint vc="18" uspid="88" ordinal="1" sl="88" sc="1" el="88" ec="2" bec="2" bev="2" fileid="2" />
                <SequencePoint vc="7" uspid="89" ordinal="2" sl="89" sc="1" el="89" ec="2" bec="0" bev="0" fileid="2" />
                <SequencePoint vc="7" uspid="90" ordinal="3" sl="90" sc="1" el="90" ec="2" bec="0" bev="0" fileid="2" />
                <SequencePoint vc="7" uspid="91" ordinal="4" sl="91" sc="1" el="91" ec="2" bec="0" bev="0" fileid="2" />
                <SequencePoint vc="11" uspid="92" ordinal="5" sl="92" sc="1" el="92" ec="2" bec="2" bev="2" fileid="2" />
                <SequencePoint vc="11" uspid="93" ordinal="6" sl="93" sc="1" el="93" ec="2" bec="0" bev="0" fileid="2" />
                <SequencePoint vc="11" uspid="94" ordinal="7" sl="94" sc="1" el="94" ec="2" bec="0" bev="0" fileid="2" />
                <SequencePoint vc="11" uspid="95" ordinal="8" sl="95" sc="1" el="95" ec="2" bec="0" bev="0" fileid="2" />
                <SequencePoint vc="18" uspid="96" ordinal="9" sl="96" sc="1" el="96" ec="2" bec="0" bev="0" fileid="2" />
              </SequencePoints>
              <BranchPoints>
                <BranchPoint vc="7" uspid="88" ordinal="0" path="0" offset="14" offsetend="16" sl="88" fileid="2" />
                <BranchPoint vc="11" uspid="88" ordinal="1" path="1" offset="14" offsetend="28" sl="88" fileid="2" />
                <BranchPoint vc="11" uspid="92" ordinal="2" path="0" offset="39" offsetend="41" sl="92" fileid="2" />
                <BranchPoint vc="18" uspid="92" ordinal="3" path="1" offset="39" offsetend="50" sl="92" fileid="2" />
              </BranchPoints>
              <MethodPoint vc="10" uspid="0" p8:type="SequencePoint" ordinal="2" offset="2" sc="0" sl="87" ec="1" el="96" bec="0" bev="0" fileid="2" xmlns:p8="xsi" />
            </Method>
            <Method cyclomaticComplexity="21" nPathComplexity="21" sequenceCoverage="97.77" branchCoverage="80.95" isConstructor="False" isGetter="False" isSetter="False" isStatic="True">
              <Summary numSequencePoints="45" visitedSequencePoints="44" numBranchPoints="21" visitedBranchPoints="17" sequenceCoverage="97.77" branchCoverage="80.95" maxCyclomaticComplexity="21" minCyclomaticComplexity="21" visitedClasses="0" numClasses="0" visitedMethods="1" numMethods="1" />
              <MetadataToken />
              <Name>System.Void ATMSimulation.UI.ConsoleUserInterface::DisplayCustomerMenu(ATMSimulation.Entities.Customer)</Name>
              <FileRef uid="2" />
              <SequencePoints>
                <SequencePoint vc="7" uspid="99" ordinal="0" sl="99" sc="1" el="99" ec="2" bec="0" bev="0" fileid="2" />
                <SequencePoint vc="7" uspid="100" ordinal="1" sl="100" sc="1" el="100" ec="2" bec="0" bev="0" fileid="2" />
                <SequencePoint vc="21" uspid="102" ordinal="2" sl="102" sc="1" el="102" ec="2" bec="2" bev="2" fileid="2" />
                <SequencePoint vc="14" uspid="103" ordinal="3" sl="103" sc="1" el="103" ec="2" bec="0" bev="0" fileid="2" />
                <SequencePoint vc="14" uspid="104" ordinal="4" sl="104" sc="1" el="104" ec="2" bec="0" bev="0" fileid="2" />
                <SequencePoint vc="14" uspid="105" ordinal="5" sl="105" sc="1" el="105" ec="2" bec="0" bev="0" fileid="2" />
                <SequencePoint vc="14" uspid="106" ordinal="6" sl="106" sc="1" el="106" ec="2" bec="0" bev="0" fileid="2" />
                <SequencePoint vc="14" uspid="107" ordinal="7" sl="107" sc="1" el="107" ec="2" bec="0" bev="0" fileid="2" />
                <SequencePoint vc="14" uspid="108" ordinal="8" sl="108" sc="1" el="108" ec="2" bec="0" bev="0" fileid="2" />
                <SequencePoint vc="14" uspid="110" ordinal="9" sl="110" sc="1" el="110" ec="2" bec="0" bev="0" fileid="2" />
                <SequencePoint vc="14" uspid="112" ordinal="10" sl="112" sc="1" el="112" ec="2" bec="6" bev="4" fileid="2" />
                <SequencePoint vc="13" uspid="113" ordinal="11" sl="113" sc="1" el="113" ec="2" bec="0" bev="0" fileid="2" />
                <SequencePoint vc="13" uspid="114" ordinal="12" sl="114" sc="1" el="114" ec="2" bec="5" bev="5" fileid="2" />
                <SequencePoint vc="4" uspid="118" ordinal="13" sl="118" sc="1" el="118" ec="2" bec="0" bev="0" fileid="2" />
                <SequencePoint vc="4" uspid="119" ordinal="14" sl="119" sc="1" el="119" ec="2" bec="0" bev="0" fileid="2" />
                <SequencePoint vc="4" uspid="120" ordinal="15" sl="120" sc="1" el="120" ec="2" bec="0" bev="0" fileid="2" />
                <SequencePoint vc="4" uspid="121" ordinal="16" sl="121" sc="1" el="121" ec="2" bec="4" bev="3" fileid="2" />
                <SequencePoint vc="3" uspid="122" ordinal="17" sl="122" sc="1" el="122" ec="2" bec="0" bev="0" fileid="2" />
                <SequencePoint vc="3" uspid="123" ordinal="18" sl="123" sc="1" el="123" ec="2" bec="0" bev="0" fileid="2" />
                <SequencePoint vc="1" uspid="126" ordinal="19" sl="126" sc="1" el="126" ec="2" bec="0" bev="0" fileid="2" />
                <SequencePoint vc="1" uspid="127" ordinal="20" sl="127" sc="1" el="127" ec="2" bec="0" bev="0" fileid="2" />
                <SequencePoint vc="3" uspid="129" ordinal="21" sl="129" sc="1" el="129" ec="2" bec="0" bev="0" fileid="2" />
                <SequencePoint vc="3" uspid="130" ordinal="22" sl="130" sc="1" el="130" ec="2" bec="0" bev="0" fileid="2" />
                <SequencePoint vc="3" uspid="133" ordinal="23" sl="133" sc="1" el="133" ec="2" bec="0" bev="0" fileid="2" />
                <SequencePoint vc="3" uspid="134" ordinal="24" sl="134" sc="1" el="134" ec="2" bec="0" bev="0" fileid="2" />
                <SequencePoint vc="3" uspid="135" ordinal="25" sl="135" sc="1" el="135" ec="2" bec="0" bev="0" fileid="2" />
                <SequencePoint vc="3" uspid="136" ordinal="26" sl="136" sc="1" el="136" ec="2" bec="4" bev="3" fileid="2" />
                <SequencePoint vc="2" uspid="137" ordinal="27" sl="137" sc="1" el="137" ec="2" bec="0" bev="0" fileid="2" />
                <SequencePoint vc="2" uspid="138" ordinal="28" sl="138" sc="1" el="138" ec="2" bec="0" bev="0" fileid="2" />
                <SequencePoint vc="1" uspid="141" ordinal="29" sl="141" sc="1" el="141" ec="2" bec="0" bev="0" fileid="2" />
                <SequencePoint vc="1" uspid="142" ordinal="30" sl="142" sc="1" el="142" ec="2" bec="0" bev="0" fileid="2" />
                <SequencePoint vc="2" uspid="144" ordinal="31" sl="144" sc="1" el="144" ec="2" bec="0" bev="0" fileid="2" />
                <SequencePoint vc="2" uspid="145" ordinal="32" sl="145" sc="1" el="145" ec="2" bec="0" bev="0" fileid="2" />
                <SequencePoint vc="1" uspid="147" ordinal="33" sl="147" sc="1" el="147" ec="2" bec="0" bev="0" fileid="2" />
                <SequencePoint vc="1" uspid="148" ordinal="34" sl="148" sc="1" el="148" ec="2" bec="0" bev="0" fileid="2" />
                <SequencePoint vc="7" uspid="150" ordinal="35" sl="150" sc="1" el="150" ec="2" bec="0" bev="0" fileid="2" />
                <SequencePoint vc="7" uspid="151" ordinal="36" sl="151" sc="1" el="151" ec="2" bec="0" bev="0" fileid="2" />
                <SequencePoint vc="7" uspid="152" ordinal="37" sl="152" sc="1" el="152" ec="2" bec="0" bev="0" fileid="2" />
                <SequencePoint vc="0" uspid="154" ordinal="38" sl="154" sc="1" el="154" ec="2" bec="0" bev="0" fileid="2" />
                <SequencePoint vc="13" uspid="156" ordinal="39" sl="156" sc="1" el="156" ec="2" bec="0" bev="0" fileid="2" />
                <SequencePoint vc="1" uspid="158" ordinal="40" sl="158" sc="1" el="158" ec="2" bec="0" bev="0" fileid="2" />
                <SequencePoint vc="1" uspid="159" ordinal="41" sl="159" sc="1" el="159" ec="2" bec="0" bev="0" fileid="2" />
                <SequencePoint vc="1" uspid="160" ordinal="42" sl="160" sc="1" el="160" ec="2" bec="0" bev="0" fileid="2" />
                <SequencePoint vc="14" uspid="161" ordinal="43" sl="161" sc="1" el="161" ec="2" bec="0" bev="0" fileid="2" />
                <SequencePoint vc="7" uspid="162" ordinal="44" sl="162" sc="1" el="162" ec="2" bec="0" bev="0" fileid="2" />
              </SequencePoints>
              <BranchPoints>
                <BranchPoint vc="14" uspid="102" ordinal="20" path="1" offset="409" offsetend="8" sl="102" fileid="2" />
                <BranchPoint vc="14" uspid="112" ordinal="0" path="0" offset="78" offsetend="80" sl="112" fileid="2" />
                <BranchPoint vc="14" uspid="112" ordinal="2" path="0" offset="82" offsetend="84" sl="112" fileid="2" />
                <BranchPoint vc="0" uspid="112" ordinal="1" path="1" offset="78" offsetend="93" sl="112" fileid="2" />
                <BranchPoint vc="0" uspid="112" ordinal="3" path="1" offset="82" offsetend="93" sl="112" fileid="2" />
                <BranchPoint vc="13" uspid="112" ordinal="4" path="0" offset="96" offsetend="101" sl="112" fileid="2" />
                <BranchPoint vc="4" uspid="121" ordinal="11" path="0" offset="165" offsetend="167" sl="121" fileid="2" />
                <BranchPoint vc="0" uspid="121" ordinal="12" path="1" offset="165" offsetend="181" sl="121" fileid="2" />
                <BranchPoint vc="3" uspid="121" ordinal="13" path="0" offset="186" offsetend="188" sl="121" fileid="2" />
                <BranchPoint vc="1" uspid="121" ordinal="14" path="1" offset="186" offsetend="191" sl="121" fileid="2" />
                <BranchPoint vc="4" uspid="114" ordinal="7" path="1" offset="113" offsetend="203" sl="114" fileid="2" />
                <BranchPoint vc="3" uspid="136" ordinal="15" path="0" offset="254" offsetend="256" sl="136" fileid="2" />
                <BranchPoint vc="0" uspid="136" ordinal="16" path="1" offset="254" offsetend="270" sl="136" fileid="2" />
                <BranchPoint vc="2" uspid="136" ordinal="17" path="0" offset="275" offsetend="277" sl="136" fileid="2" />
                <BranchPoint vc="1" uspid="136" ordinal="18" path="1" offset="275" offsetend="280" sl="136" fileid="2" />
                <BranchPoint vc="3" uspid="114" ordinal="8" path="2" offset="113" offsetend="292" sl="114" fileid="2" />
                <BranchPoint vc="1" uspid="114" ordinal="9" path="3" offset="113" offsetend="314" sl="114" fileid="2" />
                <BranchPoint vc="7" uspid="114" ordinal="10" path="4" offset="113" offsetend="366" sl="114" fileid="2" />
                <BranchPoint vc="13" uspid="114" ordinal="6" path="0" offset="113" offsetend="384" sl="114" fileid="2" />
                <BranchPoint vc="1" uspid="112" ordinal="5" path="1" offset="96" offsetend="387" sl="112" fileid="2" />
                <BranchPoint vc="7" uspid="102" ordinal="19" path="0" offset="409" offsetend="414" sl="102" fileid="2" />
              </BranchPoints>
              <MethodPoint vc="44" uspid="0" p8:type="SequencePoint" ordinal="3" offset="3" sc="0" sl="99" ec="1" el="162" bec="0" bev="0" fileid="2" xmlns:p8="xsi" />
            </Method>
            <Method cyclomaticComplexity="50" nPathComplexity="50" sequenceCoverage="91.35" branchCoverage="88" isConstructor="False" isGetter="False" isSetter="False" isStatic="True">
              <Summary numSequencePoints="81" visitedSequencePoints="74" numBranchPoints="50" visitedBranchPoints="44" sequenceCoverage="91.35" branchCoverage="88" maxCyclomaticComplexity="50" minCyclomaticComplexity="50" visitedClasses="0" numClasses="0" visitedMethods="1" numMethods="1" />
              <MetadataToken />
              <Name>System.Void ATMSimulation.UI.ConsoleUserInterface::DisplayAdminMenu()</Name>
              <FileRef uid="2" />
              <SequencePoints>
                <SequencePoint vc="11" uspid="165" ordinal="0" sl="165" sc="1" el="165" ec="2" bec="0" bev="0" fileid="2" />
                <SequencePoint vc="11" uspid="166" ordinal="1" sl="166" sc="1" el="166" ec="2" bec="0" bev="0" fileid="2" />
                <SequencePoint vc="34" uspid="168" ordinal="2" sl="168" sc="1" el="168" ec="2" bec="2" bev="2" fileid="2" />
                <SequencePoint vc="23" uspid="169" ordinal="3" sl="169" sc="1" el="169" ec="2" bec="0" bev="0" fileid="2" />
                <SequencePoint vc="23" uspid="170" ordinal="4" sl="170" sc="1" el="170" ec="2" bec="0" bev="0" fileid="2" />
                <SequencePoint vc="23" uspid="171" ordinal="5" sl="171" sc="1" el="171" ec="2" bec="0" bev="0" fileid="2" />
                <SequencePoint vc="23" uspid="172" ordinal="6" sl="172" sc="1" el="172" ec="2" bec="0" bev="0" fileid="2" />
                <SequencePoint vc="23" uspid="173" ordinal="7" sl="173" sc="1" el="173" ec="2" bec="0" bev="0" fileid="2" />
                <SequencePoint vc="23" uspid="174" ordinal="8" sl="174" sc="1" el="174" ec="2" bec="0" bev="0" fileid="2" />
                <SequencePoint vc="23" uspid="175" ordinal="9" sl="175" sc="1" el="175" ec="2" bec="0" bev="0" fileid="2" />
                <SequencePoint vc="23" uspid="177" ordinal="10" sl="177" sc="1" el="177" ec="2" bec="0" bev="0" fileid="2" />
                <SequencePoint vc="23" uspid="179" ordinal="11" sl="179" sc="1" el="179" ec="2" bec="6" bev="3" fileid="2" />
                <SequencePoint vc="23" uspid="180" ordinal="12" sl="180" sc="1" el="180" ec="2" bec="0" bev="0" fileid="2" />
                <SequencePoint vc="23" uspid="181" ordinal="13" sl="181" sc="1" el="181" ec="2" bec="6" bev="6" fileid="2" />
                <SequencePoint vc="7" uspid="188" ordinal="14" sl="188" sc="1" el="188" ec="2" bec="0" bev="0" fileid="2" />
                <SequencePoint vc="7" uspid="189" ordinal="15" sl="189" sc="1" el="189" ec="2" bec="0" bev="0" fileid="2" />
                <SequencePoint vc="7" uspid="190" ordinal="16" sl="190" sc="1" el="190" ec="2" bec="0" bev="0" fileid="2" />
                <SequencePoint vc="7" uspid="192" ordinal="17" sl="192" sc="1" el="192" ec="2" bec="0" bev="0" fileid="2" />
                <SequencePoint vc="7" uspid="193" ordinal="18" sl="193" sc="1" el="193" ec="2" bec="0" bev="0" fileid="2" />
                <SequencePoint vc="7" uspid="195" ordinal="19" sl="195" sc="1" el="195" ec="2" bec="0" bev="0" fileid="2" />
                <SequencePoint vc="7" uspid="196" ordinal="20" sl="196" sc="1" el="196" ec="2" bec="0" bev="0" fileid="2" />
                <SequencePoint vc="7" uspid="198" ordinal="21" sl="198" sc="1" el="198" ec="2" bec="8" bev="8" fileid="2" />
                <SequencePoint vc="1" uspid="199" ordinal="22" sl="199" sc="1" el="199" ec="2" bec="0" bev="0" fileid="2" />
                <SequencePoint vc="1" uspid="200" ordinal="23" sl="200" sc="1" el="200" ec="2" bec="0" bev="0" fileid="2" />
                <SequencePoint vc="1" uspid="201" ordinal="24" sl="201" sc="1" el="201" ec="2" bec="0" bev="0" fileid="2" />
                <SequencePoint vc="7" uspid="202" ordinal="25" sl="202" sc="1" el="202" ec="2" bec="0" bev="0" fileid="2" />
                <SequencePoint vc="7" uspid="203" ordinal="26" sl="203" sc="1" el="203" ec="2" bec="8" bev="8" fileid="2" />
                <SequencePoint vc="6" uspid="204" ordinal="27" sl="204" sc="1" el="204" ec="2" bec="0" bev="0" fileid="2" />
                <SequencePoint vc="6" uspid="205" ordinal="28" sl="205" sc="1" el="205" ec="2" bec="0" bev="0" fileid="2" />
                <SequencePoint vc="3" uspid="209" ordinal="29" sl="209" sc="1" el="209" ec="2" bec="0" bev="0" fileid="2" />
                <SequencePoint vc="3" uspid="210" ordinal="30" sl="210" sc="1" el="210" ec="2" bec="0" bev="0" fileid="2" />
                <SequencePoint vc="3" uspid="211" ordinal="31" sl="211" sc="1" el="211" ec="2" bec="0" bev="0" fileid="2" />
                <SequencePoint vc="3" uspid="213" ordinal="32" sl="213" sc="1" el="213" ec="2" bec="2" bev="2" fileid="2" />
                <SequencePoint vc="1" uspid="214" ordinal="33" sl="214" sc="1" el="214" ec="2" bec="0" bev="0" fileid="2" />
                <SequencePoint vc="1" uspid="215" ordinal="34" sl="215" sc="1" el="215" ec="2" bec="0" bev="0" fileid="2" />
                <SequencePoint vc="1" uspid="216" ordinal="35" sl="216" sc="1" el="216" ec="2" bec="0" bev="0" fileid="2" />
                <SequencePoint vc="3" uspid="217" ordinal="36" sl="217" sc="1" el="217" ec="2" bec="0" bev="0" fileid="2" />
                <SequencePoint vc="3" uspid="218" ordinal="37" sl="218" sc="1" el="218" ec="2" bec="2" bev="2" fileid="2" />
                <SequencePoint vc="2" uspid="219" ordinal="38" sl="219" sc="1" el="219" ec="2" bec="0" bev="0" fileid="2" />
                <SequencePoint vc="2" uspid="220" ordinal="39" sl="220" sc="1" el="220" ec="2" bec="0" bev="0" fileid="2" />
                <SequencePoint vc="3" uspid="225" ordinal="40" sl="225" sc="1" el="225" ec="2" bec="0" bev="0" fileid="2" />
                <SequencePoint vc="3" uspid="226" ordinal="41" sl="226" sc="1" el="226" ec="2" bec="0" bev="0" fileid="2" />
                <SequencePoint vc="3" uspid="227" ordinal="42" sl="227" sc="1" el="227" ec="2" bec="0" bev="0" fileid="2" />
                <SequencePoint vc="3" uspid="229" ordinal="43" sl="229" sc="1" el="229" ec="2" bec="2" bev="2" fileid="2" />
                <SequencePoint vc="1" uspid="230" ordinal="44" sl="230" sc="1" el="230" ec="2" bec="0" bev="0" fileid="2" />
                <SequencePoint vc="1" uspid="231" ordinal="45" sl="231" sc="1" el="231" ec="2" bec="0" bev="0" fileid="2" />
                <SequencePoint vc="1" uspid="232" ordinal="46" sl="232" sc="1" el="232" ec="2" bec="0" bev="0" fileid="2" />
                <SequencePoint vc="3" uspid="233" ordinal="47" sl="233" sc="1" el="233" ec="2" bec="0" bev="0" fileid="2" />
                <SequencePoint vc="3" uspid="234" ordinal="48" sl="234" sc="1" el="234" ec="2" bec="2" bev="2" fileid="2" />
                <SequencePoint vc="2" uspid="237" ordinal="49" sl="237" sc="1" el="237" ec="2" bec="0" bev="0" fileid="2" />
                <SequencePoint vc="2" uspid="238" ordinal="50" sl="238" sc="1" el="238" ec="2" bec="0" bev="0" fileid="2" />
                <SequencePoint vc="2" uspid="239" ordinal="51" sl="239" sc="1" el="239" ec="2" bec="0" bev="0" fileid="2" />
                <SequencePoint vc="2" uspid="241" ordinal="52" sl="241" sc="1" el="241" ec="2" bec="4" bev="2" fileid="2" />
                <SequencePoint vc="0" uspid="242" ordinal="53" sl="242" sc="1" el="242" ec="2" bec="0" bev="0" fileid="2" />
                <SequencePoint vc="0" uspid="243" ordinal="54" sl="243" sc="1" el="243" ec="2" bec="0" bev="0" fileid="2" />
                <SequencePoint vc="0" uspid="244" ordinal="55" sl="244" sc="1" el="244" ec="2" bec="0" bev="0" fileid="2" />
                <SequencePoint vc="2" uspid="245" ordinal="56" sl="245" sc="1" el="245" ec="2" bec="0" bev="0" fileid="2" />
                <SequencePoint vc="2" uspid="246" ordinal="57" sl="246" sc="1" el="246" ec="2" bec="4" bev="3" fileid="2" />
                <SequencePoint vc="2" uspid="247" ordinal="58" sl="247" sc="1" el="247" ec="2" bec="0" bev="0" fileid="2" />
                <SequencePoint vc="2" uspid="248" ordinal="59" sl="248" sc="1" el="248" ec="2" bec="0" bev="0" fileid="2" />
                <SequencePoint vc="3" uspid="253" ordinal="60" sl="253" sc="1" el="253" ec="2" bec="0" bev="0" fileid="2" />
                <SequencePoint vc="3" uspid="254" ordinal="61" sl="254" sc="1" el="254" ec="2" bec="0" bev="0" fileid="2" />
                <SequencePoint vc="3" uspid="255" ordinal="62" sl="255" sc="1" el="255" ec="2" bec="0" bev="0" fileid="2" />
                <SequencePoint vc="3" uspid="257" ordinal="63" sl="257" sc="1" el="257" ec="2" bec="2" bev="2" fileid="2" />
                <SequencePoint vc="1" uspid="258" ordinal="64" sl="258" sc="1" el="258" ec="2" bec="0" bev="0" fileid="2" />
                <SequencePoint vc="1" uspid="259" ordinal="65" sl="259" sc="1" el="259" ec="2" bec="0" bev="0" fileid="2" />
                <SequencePoint vc="1" uspid="260" ordinal="66" sl="260" sc="1" el="260" ec="2" bec="0" bev="0" fileid="2" />
                <SequencePoint vc="3" uspid="261" ordinal="67" sl="261" sc="1" el="261" ec="2" bec="0" bev="0" fileid="2" />
                <SequencePoint vc="3" uspid="262" ordinal="68" sl="262" sc="1" el="262" ec="2" bec="2" bev="2" fileid="2" />
                <SequencePoint vc="2" uspid="263" ordinal="69" sl="263" sc="1" el="263" ec="2" bec="0" bev="0" fileid="2" />
                <SequencePoint vc="2" uspid="264" ordinal="70" sl="264" sc="1" el="264" ec="2" bec="0" bev="0" fileid="2" />
                <SequencePoint vc="11" uspid="266" ordinal="71" sl="266" sc="1" el="266" ec="2" bec="0" bev="0" fileid="2" />
                <SequencePoint vc="11" uspid="267" ordinal="72" sl="267" sc="1" el="267" ec="2" bec="0" bev="0" fileid="2" />
                <SequencePoint vc="11" uspid="268" ordinal="73" sl="268" sc="1" el="268" ec="2" bec="0" bev="0" fileid="2" />
                <SequencePoint vc="0" uspid="270" ordinal="74" sl="270" sc="1" el="270" ec="2" bec="0" bev="0" fileid="2" />
                <SequencePoint vc="23" uspid="272" ordinal="75" sl="272" sc="1" el="272" ec="2" bec="0" bev="0" fileid="2" />
                <SequencePoint vc="0" uspid="274" ordinal="76" sl="274" sc="1" el="274" ec="2" bec="0" bev="0" fileid="2" />
                <SequencePoint vc="0" uspid="275" ordinal="77" sl="275" sc="1" el="275" ec="2" bec="0" bev="0" fileid="2" />
                <SequencePoint vc="0" uspid="276" ordinal="78" sl="276" sc="1" el="276" ec="2" bec="0" bev="0" fileid="2" />
                <SequencePoint vc="23" uspid="277" ordinal="79" sl="277" sc="1" el="277" ec="2" bec="0" bev="0" fileid="2" />
                <SequencePoint vc="11" uspid="278" ordinal="80" sl="278" sc="1" el="278" ec="2" bec="0" bev="0" fileid="2" />
              </SequencePoints>
              <BranchPoints>
                <BranchPoint vc="23" uspid="168" ordinal="49" path="1" offset="705" offsetend="8" sl="168" fileid="2" />
                <BranchPoint vc="23" uspid="179" ordinal="0" path="0" offset="89" offsetend="91" sl="179" fileid="2" />
                <BranchPoint vc="23" uspid="179" ordinal="2" path="0" offset="93" offsetend="95" sl="179" fileid="2" />
                <BranchPoint vc="0" uspid="179" ordinal="1" path="1" offset="89" offsetend="104" sl="179" fileid="2" />
                <BranchPoint vc="0" uspid="179" ordinal="3" path="1" offset="93" offsetend="104" sl="179" fileid="2" />
                <BranchPoint vc="23" uspid="179" ordinal="4" path="0" offset="107" offsetend="112" sl="179" fileid="2" />
                <BranchPoint vc="7" uspid="181" ordinal="7" path="1" offset="124" offsetend="154" sl="181" fileid="2" />
                <BranchPoint vc="7" uspid="203" ordinal="27" path="1" offset="309" offsetend="154" sl="203" fileid="2" />
                <BranchPoint vc="6" uspid="198" ordinal="12" path="0" offset="216" offsetend="218" sl="198" fileid="2" />
                <BranchPoint vc="6" uspid="198" ordinal="14" path="0" offset="225" offsetend="227" sl="198" fileid="2" />
                <BranchPoint vc="6" uspid="198" ordinal="16" path="0" offset="235" offsetend="237" sl="198" fileid="2" />
                <BranchPoint vc="1" uspid="198" ordinal="13" path="1" offset="216" offsetend="246" sl="198" fileid="2" />
                <BranchPoint vc="1" uspid="198" ordinal="15" path="1" offset="225" offsetend="246" sl="198" fileid="2" />
                <BranchPoint vc="1" uspid="198" ordinal="17" path="1" offset="235" offsetend="246" sl="198" fileid="2" />
                <BranchPoint vc="1" uspid="198" ordinal="18" path="0" offset="251" offsetend="253" sl="198" fileid="2" />
                <BranchPoint vc="7" uspid="198" ordinal="19" path="1" offset="251" offsetend="266" sl="198" fileid="2" />
                <BranchPoint vc="6" uspid="203" ordinal="20" path="0" offset="274" offsetend="276" sl="203" fileid="2" />
                <BranchPoint vc="6" uspid="203" ordinal="22" path="0" offset="283" offsetend="285" sl="203" fileid="2" />
                <BranchPoint vc="6" uspid="203" ordinal="24" path="0" offset="293" offsetend="295" sl="203" fileid="2" />
                <BranchPoint vc="1" uspid="203" ordinal="21" path="1" offset="274" offsetend="304" sl="203" fileid="2" />
                <BranchPoint vc="1" uspid="203" ordinal="23" path="1" offset="283" offsetend="304" sl="203" fileid="2" />
                <BranchPoint vc="1" uspid="203" ordinal="25" path="1" offset="293" offsetend="304" sl="203" fileid="2" />
                <BranchPoint vc="6" uspid="203" ordinal="26" path="0" offset="309" offsetend="314" sl="203" fileid="2" />
                <BranchPoint vc="3" uspid="181" ordinal="8" path="2" offset="124" offsetend="337" sl="181" fileid="2" />
                <BranchPoint vc="3" uspid="218" ordinal="31" path="1" offset="394" offsetend="337" sl="218" fileid="2" />
                <BranchPoint vc="1" uspid="213" ordinal="28" path="0" offset="367" offsetend="369" sl="213" fileid="2" />
                <BranchPoint vc="3" uspid="213" ordinal="29" path="1" offset="367" offsetend="382" sl="213" fileid="2" />
                <BranchPoint vc="2" uspid="218" ordinal="30" path="0" offset="394" offsetend="396" sl="218" fileid="2" />
                <BranchPoint vc="3" uspid="181" ordinal="9" path="3" offset="124" offsetend="415" sl="181" fileid="2" />
                <BranchPoint vc="3" uspid="234" ordinal="35" path="1" offset="472" offsetend="415" sl="234" fileid="2" />
                <BranchPoint vc="1" uspid="229" ordinal="32" path="0" offset="445" offsetend="447" sl="229" fileid="2" />
                <BranchPoint vc="3" uspid="229" ordinal="33" path="1" offset="445" offsetend="460" sl="229" fileid="2" />
                <BranchPoint vc="2" uspid="234" ordinal="34" path="0" offset="472" offsetend="474" sl="234" fileid="2" />
                <BranchPoint vc="2" uspid="246" ordinal="43" path="1" offset="567" offsetend="474" sl="246" fileid="2" />
                <BranchPoint vc="2" uspid="241" ordinal="36" path="0" offset="500" offsetend="502" sl="241" fileid="2" />
                <BranchPoint vc="0" uspid="241" ordinal="37" path="1" offset="500" offsetend="517" sl="241" fileid="2" />
                <BranchPoint vc="0" uspid="241" ordinal="38" path="0" offset="522" offsetend="524" sl="241" fileid="2" />
                <BranchPoint vc="2" uspid="241" ordinal="39" path="1" offset="522" offsetend="537" sl="241" fileid="2" />
                <BranchPoint vc="2" uspid="246" ordinal="40" path="0" offset="545" offsetend="547" sl="246" fileid="2" />
                <BranchPoint vc="0" uspid="246" ordinal="41" path="1" offset="545" offsetend="562" sl="246" fileid="2" />
                <BranchPoint vc="2" uspid="246" ordinal="42" path="0" offset="567" offsetend="569" sl="246" fileid="2" />
                <BranchPoint vc="3" uspid="181" ordinal="10" path="4" offset="124" offsetend="587" sl="181" fileid="2" />
                <BranchPoint vc="3" uspid="262" ordinal="47" path="1" offset="644" offsetend="587" sl="262" fileid="2" />
                <BranchPoint vc="1" uspid="257" ordinal="44" path="0" offset="617" offsetend="619" sl="257" fileid="2" />
                <BranchPoint vc="3" uspid="257" ordinal="45" path="1" offset="617" offsetend="632" sl="257" fileid="2" />
                <BranchPoint vc="2" uspid="262" ordinal="46" path="0" offset="644" offsetend="646" sl="262" fileid="2" />
                <BranchPoint vc="11" uspid="181" ordinal="11" path="5" offset="124" offsetend="662" sl="181" fileid="2" />
                <BranchPoint vc="23" uspid="181" ordinal="6" path="0" offset="124" offsetend="680" sl="181" fileid="2" />
                <BranchPoint vc="0" uspid="179" ordinal="5" path="1" offset="107" offsetend="683" sl="179" fileid="2" />
                <BranchPoint vc="11" uspid="168" ordinal="48" path="0" offset="705" offsetend="710" sl="168" fileid="2" />
              </BranchPoints>
              <MethodPoint vc="74" uspid="0" p8:type="SequencePoint" ordinal="4" offset="4" sc="0" sl="165" ec="1" el="278" bec="0" bev="0" fileid="2" xmlns:p8="xsi" />
            </Method>
            <Method cyclomaticComplexity="1" nPathComplexity="1" sequenceCoverage="100" branchCoverage="100" isConstructor="True" isGetter="False" isSetter="False" isStatic="True">
              <Summary numSequencePoints="5" visitedSequencePoints="5" numBranchPoints="0" visitedBranchPoints="0" sequenceCoverage="100" branchCoverage="100" maxCyclomaticComplexity="1" minCyclomaticComplexity="1" visitedClasses="0" numClasses="0" visitedMethods="1" numMethods="1" />
              <MetadataToken />
              <Name>System.Void ATMSimulation.UI.ConsoleUserInterface::.ctor(ATMSimulation.DatabaseConnection.IDatabaseConnection)</Name>
              <FileRef uid="2" />
              <SequencePoints>
                <SequencePoint vc="19" uspid="18" ordinal="0" sl="18" sc="1" el="18" ec="2" bec="0" bev="0" fileid="2" />
                <SequencePoint vc="19" uspid="19" ordinal="1" sl="19" sc="1" el="19" ec="2" bec="0" bev="0" fileid="2" />
                <SequencePoint vc="19" uspid="20" ordinal="2" sl="20" sc="1" el="20" ec="2" bec="0" bev="0" fileid="2" />
                <SequencePoint vc="19" uspid="21" ordinal="3" sl="21" sc="1" el="21" ec="2" bec="0" bev="0" fileid="2" />
                <SequencePoint vc="19" uspid="22" ordinal="4" sl="22" sc="1" el="22" ec="2" bec="0" bev="0" fileid="2" />
              </SequencePoints>
              <BranchPoints />
              <MethodPoint vc="5" uspid="0" p8:type="SequencePoint" ordinal="5" offset="5" sc="0" sl="18" ec="1" el="22" bec="0" bev="0" fileid="2" xmlns:p8="xsi" />
            </Method>
          </Methods>
        </Class>
        <Class>
          <Summary numSequencePoints="17" visitedSequencePoints="11" numBranchPoints="2" visitedBranchPoints="1" sequenceCoverage="64.7" branchCoverage="50" maxCyclomaticComplexity="2" minCyclomaticComplexity="1" visitedClasses="1" numClasses="1" visitedMethods="4" numMethods="5" />
          <FullName>ATMSimulation.DatabaseConnection.MySQLDatabaseConnection</FullName>
          <Methods>
            <Method cyclomaticComplexity="1" nPathComplexity="1" sequenceCoverage="100" branchCoverage="100" isConstructor="False" isGetter="False" isSetter="False" isStatic="True">
              <Summary numSequencePoints="1" visitedSequencePoints="1" numBranchPoints="0" visitedBranchPoints="0" sequenceCoverage="100" branchCoverage="100" maxCyclomaticComplexity="1" minCyclomaticComplexity="1" visitedClasses="0" numClasses="0" visitedMethods="1" numMethods="1" />
              <MetadataToken />
              <Name>System.Void ATMSimulation.DatabaseConnection.MySQLDatabaseConnection::OpenConnection()</Name>
              <FileRef uid="3" />
              <SequencePoints>
                <SequencePoint vc="23" uspid="24" ordinal="0" sl="24" sc="1" el="24" ec="2" bec="0" bev="0" fileid="3" />
              </SequencePoints>
              <BranchPoints />
              <MethodPoint vc="1" uspid="0" p8:type="SequencePoint" ordinal="0" offset="0" sc="0" sl="24" ec="1" el="24" bec="0" bev="0" fileid="3" xmlns:p8="xsi" />
            </Method>
            <Method cyclomaticComplexity="1" nPathComplexity="1" sequenceCoverage="100" branchCoverage="100" isConstructor="False" isGetter="False" isSetter="False" isStatic="True">
              <Summary numSequencePoints="4" visitedSequencePoints="4" numBranchPoints="0" visitedBranchPoints="0" sequenceCoverage="100" branchCoverage="100" maxCyclomaticComplexity="1" minCyclomaticComplexity="1" visitedClasses="0" numClasses="0" visitedMethods="1" numMethods="1" />
              <MetadataToken />
              <Name>System.Void ATMSimulation.DatabaseConnection.MySQLDatabaseConnection::CloseConnection()</Name>
              <FileRef uid="3" />
              <SequencePoints>
                <SequencePoint vc="22" uspid="27" ordinal="0" sl="27" sc="1" el="27" ec="2" bec="0" bev="0" fileid="3" />
                <SequencePoint vc="22" uspid="28" ordinal="1" sl="28" sc="1" el="28" ec="2" bec="0" bev="0" fileid="3" />
                <SequencePoint vc="22" uspid="29" ordinal="2" sl="29" sc="1" el="29" ec="2" bec="0" bev="0" fileid="3" />
                <SequencePoint vc="22" uspid="30" ordinal="3" sl="30" sc="1" el="30" ec="2" bec="0" bev="0" fileid="3" />
              </SequencePoints>
              <BranchPoints />
              <MethodPoint vc="4" uspid="0" p8:type="SequencePoint" ordinal="1" offset="1" sc="0" sl="27" ec="1" el="30" bec="0" bev="0" fileid="3" xmlns:p8="xsi" />
            </Method>
            <Method cyclomaticComplexity="2" nPathComplexity="2" sequenceCoverage="66.66" branchCoverage="50" isConstructor="False" isGetter="False" isSetter="False" isStatic="True">
              <Summary numSequencePoints="6" visitedSequencePoints="4" numBranchPoints="2" visitedBranchPoints="1" sequenceCoverage="66.66" branchCoverage="50" maxCyclomaticComplexity="2" minCyclomaticComplexity="2" visitedClasses="0" numClasses="0" visitedMethods="1" numMethods="1" />
              <MetadataToken />
              <Name>MySql.Data.MySqlClient.MySqlCommand ATMSimulation.DatabaseConnection.MySQLDatabaseConnection::CreateCommand()</Name>
              <FileRef uid="3" />
              <SequencePoints>
                <SequencePoint vc="40" uspid="33" ordinal="0" sl="33" sc="1" el="33" ec="2" bec="0" bev="0" fileid="3" />
                <SequencePoint vc="40" uspid="34" ordinal="1" sl="34" sc="1" el="34" ec="2" bec="2" bev="1" fileid="3" />
                <SequencePoint vc="0" uspid="35" ordinal="2" sl="35" sc="1" el="35" ec="2" bec="0" bev="0" fileid="3" />
                <SequencePoint vc="0" uspid="36" ordinal="3" sl="36" sc="1" el="36" ec="2" bec="0" bev="0" fileid="3" />
                <SequencePoint vc="40" uspid="39" ordinal="4" sl="39" sc="1" el="39" ec="2" bec="0" bev="0" fileid="3" />
                <SequencePoint vc="40" uspid="40" ordinal="5" sl="40" sc="1" el="40" ec="2" bec="0" bev="0" fileid="3" />
              </SequencePoints>
              <BranchPoints>
                <BranchPoint vc="0" uspid="34" ordinal="0" path="0" offset="20" offsetend="22" sl="34" fileid="3" />
                <BranchPoint vc="40" uspid="34" ordinal="1" path="1" offset="20" offsetend="34" sl="34" fileid="3" />
              </BranchPoints>
              <MethodPoint vc="4" uspid="0" p8:type="SequencePoint" ordinal="2" offset="2" sc="0" sl="33" ec="1" el="40" bec="0" bev="0" fileid="3" xmlns:p8="xsi" />
            </Method>
            <Method cyclomaticComplexity="1" nPathComplexity="1" sequenceCoverage="0" branchCoverage="100" isConstructor="False" isGetter="False" isSetter="False" isStatic="True">
              <Summary numSequencePoints="4" visitedSequencePoints="0" numBranchPoints="0" visitedBranchPoints="0" sequenceCoverage="0" branchCoverage="100" maxCyclomaticComplexity="1" minCyclomaticComplexity="1" visitedClasses="0" numClasses="0" visitedMethods="0" numMethods="1" />
              <MetadataToken />
              <Name>System.Void ATMSimulation.DatabaseConnection.MySQLDatabaseConnection::Dispose()</Name>
              <FileRef uid="3" />
              <SequencePoints>
                <SequencePoint vc="0" uspid="43" ordinal="0" sl="43" sc="1" el="43" ec="2" bec="0" bev="0" fileid="3" />
                <SequencePoint vc="0" uspid="44" ordinal="1" sl="44" sc="1" el="44" ec="2" bec="0" bev="0" fileid="3" />
                <SequencePoint vc="0" uspid="45" ordinal="2" sl="45" sc="1" el="45" ec="2" bec="0" bev="0" fileid="3" />
                <SequencePoint vc="0" uspid="46" ordinal="3" sl="46" sc="1" el="46" ec="2" bec="0" bev="0" fileid="3" />
              </SequencePoints>
              <BranchPoints />
              <MethodPoint vc="0" uspid="0" p8:type="SequencePoint" ordinal="3" offset="3" sc="0" sl="43" ec="1" el="46" bec="0" bev="0" fileid="3" xmlns:p8="xsi" />
            </Method>
            <Method cyclomaticComplexity="1" nPathComplexity="1" sequenceCoverage="100" branchCoverage="100" isConstructor="True" isGetter="False" isSetter="False" isStatic="True">
              <Summary numSequencePoints="2" visitedSequencePoints="2" numBranchPoints="0" visitedBranchPoints="0" sequenceCoverage="100" branchCoverage="100" maxCyclomaticComplexity="1" minCyclomaticComplexity="1" visitedClasses="0" numClasses="0" visitedMethods="1" numMethods="1" />
              <MetadataToken />
              <Name>System.Void ATMSimulation.DatabaseConnection.MySQLDatabaseConnection::.ctor()</Name>
              <FileRef uid="3" />
              <SequencePoints>
                <SequencePoint vc="23" uspid="19" ordinal="0" sl="19" sc="1" el="19" ec="2" bec="0" bev="0" fileid="3" />
                <SequencePoint vc="46" uspid="22" ordinal="1" sl="22" sc="1" el="22" ec="2" bec="0" bev="0" fileid="3" />
              </SequencePoints>
              <BranchPoints />
              <MethodPoint vc="2" uspid="0" p8:type="SequencePoint" ordinal="4" offset="4" sc="0" sl="19" ec="1" el="22" bec="0" bev="0" fileid="3" xmlns:p8="xsi" />
            </Method>
          </Methods>
        </Class>
        <Class>
          <Summary numSequencePoints="62" visitedSequencePoints="62" numBranchPoints="8" visitedBranchPoints="8" sequenceCoverage="100" branchCoverage="100" maxCyclomaticComplexity="2" minCyclomaticComplexity="1" visitedClasses="1" numClasses="1" visitedMethods="5" numMethods="5" />
          <FullName>ATMSimulation.Entities.Administrator</FullName>
          <Methods>
            <Method cyclomaticComplexity="2" nPathComplexity="2" sequenceCoverage="100" branchCoverage="100" isConstructor="False" isGetter="False" isSetter="False" isStatic="True">
              <Summary numSequencePoints="17" visitedSequencePoints="17" numBranchPoints="2" visitedBranchPoints="2" sequenceCoverage="100" branchCoverage="100" maxCyclomaticComplexity="2" minCyclomaticComplexity="2" visitedClasses="0" numClasses="0" visitedMethods="1" numMethods="1" />
              <MetadataToken />
              <Name>System.Void ATMSimulation.Entities.Administrator::CreateAccount(ATMSimulation.DatabaseConnection.IDatabaseConnection,System.String,System.String,System.String)</Name>
              <FileRef uid="4" />
              <SequencePoints>
                <SequencePoint vc="6" uspid="11" ordinal="0" sl="11" sc="1" el="11" ec="2" bec="0" bev="0" fileid="4" />
                <SequencePoint vc="6" uspid="12" ordinal="1" sl="12" sc="1" el="12" ec="2" bec="0" bev="0" fileid="4" />
                <SequencePoint vc="6" uspid="13" ordinal="2" sl="13" sc="1" el="13" ec="2" bec="0" bev="0" fileid="4" />
                <SequencePoint vc="6" uspid="14" ordinal="3" sl="14" sc="1" el="14" ec="2" bec="0" bev="0" fileid="4" />
                <SequencePoint vc="6" uspid="16" ordinal="4" sl="16" sc="1" el="16" ec="2" bec="0" bev="0" fileid="4" />
                <SequencePoint vc="6" uspid="18" ordinal="5" sl="18" sc="1" el="18" ec="2" bec="2" bev="2" fileid="4" />
                <SequencePoint vc="1" uspid="19" ordinal="6" sl="19" sc="1" el="19" ec="2" bec="0" bev="0" fileid="4" />
                <SequencePoint vc="1" uspid="20" ordinal="7" sl="20" sc="1" el="20" ec="2" bec="0" bev="0" fileid="4" />
                <SequencePoint vc="1" uspid="21" ordinal="8" sl="21" sc="1" el="21" ec="2" bec="0" bev="0" fileid="4" />
                <SequencePoint vc="5" uspid="23" ordinal="9" sl="23" sc="1" el="23" ec="2" bec="0" bev="0" fileid="4" />
                <SequencePoint vc="5" uspid="24" ordinal="10" sl="24" sc="1" el="24" ec="2" bec="0" bev="0" fileid="4" />
                <SequencePoint vc="5" uspid="25" ordinal="11" sl="25" sc="1" el="25" ec="2" bec="0" bev="0" fileid="4" />
                <SequencePoint vc="5" uspid="26" ordinal="12" sl="26" sc="1" el="26" ec="2" bec="0" bev="0" fileid="4" />
                <SequencePoint vc="5" uspid="28" ordinal="13" sl="28" sc="1" el="28" ec="2" bec="0" bev="0" fileid="4" />
                <SequencePoint vc="5" uspid="29" ordinal="14" sl="29" sc="1" el="29" ec="2" bec="0" bev="0" fileid="4" />
                <SequencePoint vc="5" uspid="30" ordinal="15" sl="30" sc="1" el="30" ec="2" bec="0" bev="0" fileid="4" />
                <SequencePoint vc="6" uspid="31" ordinal="16" sl="31" sc="1" el="31" ec="2" bec="0" bev="0" fileid="4" />
              </SequencePoints>
              <BranchPoints>
                <BranchPoint vc="1" uspid="18" ordinal="0" path="0" offset="57" offsetend="59" sl="18" fileid="4" />
                <BranchPoint vc="5" uspid="18" ordinal="1" path="1" offset="57" offsetend="74" sl="18" fileid="4" />
              </BranchPoints>
              <MethodPoint vc="17" uspid="0" p8:type="SequencePoint" ordinal="0" offset="0" sc="0" sl="11" ec="1" el="31" bec="0" bev="0" fileid="4" xmlns:p8="xsi" />
            </Method>
            <Method cyclomaticComplexity="2" nPathComplexity="2" sequenceCoverage="100" branchCoverage="100" isConstructor="False" isGetter="False" isSetter="False" isStatic="True">
              <Summary numSequencePoints="13" visitedSequencePoints="13" numBranchPoints="2" visitedBranchPoints="2" sequenceCoverage="100" branchCoverage="100" maxCyclomaticComplexity="2" minCyclomaticComplexity="2" visitedClasses="0" numClasses="0" visitedMethods="1" numMethods="1" />
              <MetadataToken />
              <Name>System.Void ATMSimulation.Entities.Administrator::DeleteAccount(ATMSimulation.DatabaseConnection.IDatabaseConnection,System.String)</Name>
              <FileRef uid="4" />
              <SequencePoints>
                <SequencePoint vc="2" uspid="34" ordinal="0" sl="34" sc="1" el="34" ec="2" bec="0" bev="0" fileid="4" />
                <SequencePoint vc="2" uspid="35" ordinal="1" sl="35" sc="1" el="35" ec="2" bec="0" bev="0" fileid="4" />
                <SequencePoint vc="2" uspid="36" ordinal="2" sl="36" sc="1" el="36" ec="2" bec="0" bev="0" fileid="4" />
                <SequencePoint vc="2" uspid="37" ordinal="3" sl="37" sc="1" el="37" ec="2" bec="0" bev="0" fileid="4" />
                <SequencePoint vc="2" uspid="38" ordinal="4" sl="38" sc="1" el="38" ec="2" bec="0" bev="0" fileid="4" />
                <SequencePoint vc="2" uspid="40" ordinal="5" sl="40" sc="1" el="40" ec="2" bec="2" bev="2" fileid="4" />
                <SequencePoint vc="1" uspid="41" ordinal="6" sl="41" sc="1" el="41" ec="2" bec="0" bev="0" fileid="4" />
                <SequencePoint vc="1" uspid="42" ordinal="7" sl="42" sc="1" el="42" ec="2" bec="0" bev="0" fileid="4" />
                <SequencePoint vc="1" uspid="43" ordinal="8" sl="43" sc="1" el="43" ec="2" bec="0" bev="0" fileid="4" />
                <SequencePoint vc="1" uspid="45" ordinal="9" sl="45" sc="1" el="45" ec="2" bec="0" bev="0" fileid="4" />
                <SequencePoint vc="1" uspid="46" ordinal="10" sl="46" sc="1" el="46" ec="2" bec="0" bev="0" fileid="4" />
                <SequencePoint vc="1" uspid="47" ordinal="11" sl="47" sc="1" el="47" ec="2" bec="0" bev="0" fileid="4" />
                <SequencePoint vc="2" uspid="48" ordinal="12" sl="48" sc="1" el="48" ec="2" bec="0" bev="0" fileid="4" />
              </SequencePoints>
              <BranchPoints>
                <BranchPoint vc="1" uspid="40" ordinal="0" path="0" offset="51" offsetend="53" sl="40" fileid="4" />
                <BranchPoint vc="1" uspid="40" ordinal="1" path="1" offset="51" offsetend="68" sl="40" fileid="4" />
              </BranchPoints>
              <MethodPoint vc="13" uspid="0" p8:type="SequencePoint" ordinal="1" offset="1" sc="0" sl="34" ec="1" el="48" bec="0" bev="0" fileid="4" xmlns:p8="xsi" />
            </Method>
            <Method cyclomaticComplexity="2" nPathComplexity="2" sequenceCoverage="100" branchCoverage="100" isConstructor="False" isGetter="False" isSetter="False" isStatic="True">
              <Summary numSequencePoints="14" visitedSequencePoints="14" numBranchPoints="2" visitedBranchPoints="2" sequenceCoverage="100" branchCoverage="100" maxCyclomaticComplexity="2" minCyclomaticComplexity="2" visitedClasses="0" numClasses="0" visitedMethods="1" numMethods="1" />
              <MetadataToken />
              <Name>System.Void ATMSimulation.Entities.Administrator::UpdateAccount(ATMSimulation.DatabaseConnection.IDatabaseConnection,System.String,System.String)</Name>
              <FileRef uid="4" />
              <SequencePoints>
                <SequencePoint vc="2" uspid="51" ordinal="0" sl="51" sc="1" el="51" ec="2" bec="0" bev="0" fileid="4" />
                <SequencePoint vc="2" uspid="52" ordinal="1" sl="52" sc="1" el="52" ec="2" bec="0" bev="0" fileid="4" />
                <SequencePoint vc="2" uspid="53" ordinal="2" sl="53" sc="1" el="53" ec="2" bec="0" bev="0" fileid="4" />
                <SequencePoint vc="2" uspid="54" ordinal="3" sl="54" sc="1" el="54" ec="2" bec="0" bev="0" fileid="4" />
                <SequencePoint vc="2" uspid="55" ordinal="4" sl="55" sc="1" el="55" ec="2" bec="0" bev="0" fileid="4" />
                <SequencePoint vc="2" uspid="56" ordinal="5" sl="56" sc="1" el="56" ec="2" bec="0" bev="0" fileid="4" />
                <SequencePoint vc="2" uspid="58" ordinal="6" sl="58" sc="1" el="58" ec="2" bec="2" bev="2" fileid="4" />
                <SequencePoint vc="1" uspid="59" ordinal="7" sl="59" sc="1" el="59" ec="2" bec="0" bev="0" fileid="4" />
                <SequencePoint vc="1" uspid="60" ordinal="8" sl="60" sc="1" el="60" ec="2" bec="0" bev="0" fileid="4" />
                <SequencePoint vc="1" uspid="61" ordinal="9" sl="61" sc="1" el="61" ec="2" bec="0" bev="0" fileid="4" />
                <SequencePoint vc="1" uspid="63" ordinal="10" sl="63" sc="1" el="63" ec="2" bec="0" bev="0" fileid="4" />
                <SequencePoint vc="1" uspid="64" ordinal="11" sl="64" sc="1" el="64" ec="2" bec="0" bev="0" fileid="4" />
                <SequencePoint vc="1" uspid="65" ordinal="12" sl="65" sc="1" el="65" ec="2" bec="0" bev="0" fileid="4" />
                <SequencePoint vc="2" uspid="66" ordinal="13" sl="66" sc="1" el="66" ec="2" bec="0" bev="0" fileid="4" />
              </SequencePoints>
              <BranchPoints>
                <BranchPoint vc="1" uspid="58" ordinal="0" path="0" offset="69" offsetend="71" sl="58" fileid="4" />
                <BranchPoint vc="1" uspid="58" ordinal="1" path="1" offset="69" offsetend="86" sl="58" fileid="4" />
              </BranchPoints>
              <MethodPoint vc="14" uspid="0" p8:type="SequencePoint" ordinal="2" offset="2" sc="0" sl="51" ec="1" el="66" bec="0" bev="0" fileid="4" xmlns:p8="xsi" />
            </Method>
            <Method cyclomaticComplexity="2" nPathComplexity="2" sequenceCoverage="100" branchCoverage="100" isConstructor="False" isGetter="False" isSetter="False" isStatic="True">
              <Summary numSequencePoints="17" visitedSequencePoints="17" numBranchPoints="2" visitedBranchPoints="2" sequenceCoverage="100" branchCoverage="100" maxCyclomaticComplexity="2" minCyclomaticComplexity="2" visitedClasses="0" numClasses="0" visitedMethods="1" numMethods="1" />
              <MetadataToken />
              <Name>System.Void ATMSimulation.Entities.Administrator::SearchAccount(ATMSimulation.DatabaseConnection.IDatabaseConnection,System.String)</Name>
              <FileRef uid="4" />
              <SequencePoints>
                <SequencePoint vc="2" uspid="69" ordinal="0" sl="69" sc="1" el="69" ec="2" bec="0" bev="0" fileid="4" />
                <SequencePoint vc="2" uspid="70" ordinal="1" sl="70" sc="1" el="70" ec="2" bec="0" bev="0" fileid="4" />
                <SequencePoint vc="2" uspid="71" ordinal="2" sl="71" sc="1" el="71" ec="2" bec="0" bev="0" fileid="4" />
                <SequencePoint vc="2" uspid="72" ordinal="3" sl="72" sc="1" el="72" ec="2" bec="0" bev="0" fileid="4" />
                <SequencePoint vc="2" uspid="73" ordinal="4" sl="73" sc="1" el="73" ec="2" bec="0" bev="0" fileid="4" />
                <SequencePoint vc="2" uspid="75" ordinal="5" sl="75" sc="1" el="75" ec="2" bec="2" bev="2" fileid="4" />
                <SequencePoint vc="1" uspid="76" ordinal="6" sl="76" sc="1" el="76" ec="2" bec="0" bev="0" fileid="4" />
                <SequencePoint vc="1" uspid="77" ordinal="7" sl="77" sc="1" el="77" ec="2" bec="0" bev="0" fileid="4" />
                <SequencePoint vc="1" uspid="78" ordinal="8" sl="78" sc="1" el="78" ec="2" bec="0" bev="0" fileid="4" />
                <SequencePoint vc="1" uspid="79" ordinal="9" sl="79" sc="1" el="79" ec="2" bec="0" bev="0" fileid="4" />
                <SequencePoint vc="1" uspid="80" ordinal="10" sl="80" sc="1" el="80" ec="2" bec="0" bev="0" fileid="4" />
                <SequencePoint vc="1" uspid="81" ordinal="11" sl="81" sc="1" el="81" ec="2" bec="0" bev="0" fileid="4" />
                <SequencePoint vc="1" uspid="83" ordinal="12" sl="83" sc="1" el="83" ec="2" bec="0" bev="0" fileid="4" />
                <SequencePoint vc="1" uspid="84" ordinal="13" sl="84" sc="1" el="84" ec="2" bec="0" bev="0" fileid="4" />
                <SequencePoint vc="1" uspid="85" ordinal="14" sl="85" sc="1" el="85" ec="2" bec="0" bev="0" fileid="4" />
                <SequencePoint vc="2" uspid="87" ordinal="15" sl="87" sc="1" el="87" ec="2" bec="0" bev="0" fileid="4" />
                <SequencePoint vc="2" uspid="88" ordinal="16" sl="88" sc="1" el="88" ec="2" bec="0" bev="0" fileid="4" />
              </SequencePoints>
              <BranchPoints>
                <BranchPoint vc="1" uspid="75" ordinal="0" path="0" offset="53" offsetend="55" sl="75" fileid="4" />
                <BranchPoint vc="1" uspid="75" ordinal="1" path="1" offset="53" offsetend="176" sl="75" fileid="4" />
              </BranchPoints>
              <MethodPoint vc="17" uspid="0" p8:type="SequencePoint" ordinal="3" offset="3" sc="0" sl="69" ec="1" el="88" bec="0" bev="0" fileid="4" xmlns:p8="xsi" />
            </Method>
            <Method cyclomaticComplexity="1" nPathComplexity="1" sequenceCoverage="100" branchCoverage="100" isConstructor="True" isGetter="False" isSetter="False" isStatic="True">
              <Summary numSequencePoints="1" visitedSequencePoints="1" numBranchPoints="0" visitedBranchPoints="0" sequenceCoverage="100" branchCoverage="100" maxCyclomaticComplexity="1" minCyclomaticComplexity="1" visitedClasses="0" numClasses="0" visitedMethods="1" numMethods="1" />
              <MetadataToken />
              <Name>System.Void ATMSimulation.Entities.Administrator::.ctor(System.String,System.String)</Name>
              <FileRef uid="4" />
              <SequencePoints>
                <SequencePoint vc="11" uspid="8" ordinal="0" sl="8" sc="1" el="8" ec="2" bec="0" bev="0" fileid="4" />
              </SequencePoints>
              <BranchPoints />
              <MethodPoint vc="1" uspid="0" p8:type="SequencePoint" ordinal="4" offset="4" sc="0" sl="8" ec="1" el="8" bec="0" bev="0" fileid="4" xmlns:p8="xsi" />
            </Method>
          </Methods>
        </Class>
        <Class>
          <Summary numSequencePoints="36" visitedSequencePoints="36" numBranchPoints="2" visitedBranchPoints="2" sequenceCoverage="100" branchCoverage="100" maxCyclomaticComplexity="2" minCyclomaticComplexity="1" visitedClasses="1" numClasses="1" visitedMethods="4" numMethods="4" />
          <FullName>ATMSimulation.Entities.Customer</FullName>
          <Methods>
            <Method cyclomaticComplexity="1" nPathComplexity="1" sequenceCoverage="100" branchCoverage="100" isConstructor="False" isGetter="True" isSetter="False" isStatic="True">
              <Summary numSequencePoints="10" visitedSequencePoints="10" numBranchPoints="0" visitedBranchPoints="0" sequenceCoverage="100" branchCoverage="100" maxCyclomaticComplexity="1" minCyclomaticComplexity="1" visitedClasses="0" numClasses="0" visitedMethods="1" numMethods="1" />
              <MetadataToken />
              <Name>System.Decimal ATMSimulation.Entities.Customer::get_Balance()</Name>
              <FileRef uid="5" />
              <SequencePoints>
                <SequencePoint vc="4" uspid="17" ordinal="0" sl="17" sc="1" el="17" ec="2" bec="0" bev="0" fileid="5" />
                <SequencePoint vc="4" uspid="18" ordinal="1" sl="18" sc="1" el="18" ec="2" bec="0" bev="0" fileid="5" />
                <SequencePoint vc="4" uspid="19" ordinal="2" sl="19" sc="1" el="19" ec="2" bec="0" bev="0" fileid="5" />
                <SequencePoint vc="4" uspid="21" ordinal="3" sl="21" sc="1" el="21" ec="2" bec="0" bev="0" fileid="5" />
                <SequencePoint vc="4" uspid="22" ordinal="4" sl="22" sc="1" el="22" ec="2" bec="0" bev="0" fileid="5" />
                <SequencePoint vc="4" uspid="23" ordinal="5" sl="23" sc="1" el="23" ec="2" bec="0" bev="0" fileid="5" />
                <SequencePoint vc="4" uspid="24" ordinal="6" sl="24" sc="1" el="24" ec="2" bec="0" bev="0" fileid="5" />
                <SequencePoint vc="4" uspid="26" ordinal="7" sl="26" sc="1" el="26" ec="2" bec="0" bev="0" fileid="5" />
                <SequencePoint vc="4" uspid="28" ordinal="8" sl="28" sc="1" el="28" ec="2" bec="0" bev="0" fileid="5" />
                <SequencePoint vc="4" uspid="29" ordinal="9" sl="29" sc="1" el="29" ec="2" bec="0" bev="0" fileid="5" />
              </SequencePoints>
              <BranchPoints />
              <MethodPoint vc="10" uspid="0" p8:type="SequencePoint" ordinal="0" offset="0" sc="0" sl="17" ec="1" el="29" bec="0" bev="0" fileid="5" xmlns:p8="xsi" />
            </Method>
            <Method cyclomaticComplexity="2" nPathComplexity="2" sequenceCoverage="100" branchCoverage="100" isConstructor="False" isGetter="False" isSetter="False" isStatic="True">
              <Summary numSequencePoints="15" visitedSequencePoints="15" numBranchPoints="2" visitedBranchPoints="2" sequenceCoverage="100" branchCoverage="100" maxCyclomaticComplexity="2" minCyclomaticComplexity="2" visitedClasses="0" numClasses="0" visitedMethods="1" numMethods="1" />
              <MetadataToken />
              <Name>System.Void ATMSimulation.Entities.Customer::WithdrawFunds(ATMSimulation.DatabaseConnection.IDatabaseConnection,System.Decimal)</Name>
              <FileRef uid="5" />
              <SequencePoints>
                <SequencePoint vc="3" uspid="33" ordinal="0" sl="33" sc="1" el="33" ec="2" bec="0" bev="0" fileid="5" />
                <SequencePoint vc="3" uspid="34" ordinal="1" sl="34" sc="1" el="34" ec="2" bec="0" bev="0" fileid="5" />
                <SequencePoint vc="3" uspid="35" ordinal="2" sl="35" sc="1" el="35" ec="2" bec="2" bev="2" fileid="5" />
                <SequencePoint vc="1" uspid="36" ordinal="3" sl="36" sc="1" el="36" ec="2" bec="0" bev="0" fileid="5" />
                <SequencePoint vc="1" uspid="37" ordinal="4" sl="37" sc="1" el="37" ec="2" bec="0" bev="0" fileid="5" />
                <SequencePoint vc="1" uspid="38" ordinal="5" sl="38" sc="1" el="38" ec="2" bec="0" bev="0" fileid="5" />
                <SequencePoint vc="2" uspid="40" ordinal="6" sl="40" sc="1" el="40" ec="2" bec="0" bev="0" fileid="5" />
                <SequencePoint vc="2" uspid="41" ordinal="7" sl="41" sc="1" el="41" ec="2" bec="0" bev="0" fileid="5" />
                <SequencePoint vc="2" uspid="42" ordinal="8" sl="42" sc="1" el="42" ec="2" bec="0" bev="0" fileid="5" />
                <SequencePoint vc="2" uspid="43" ordinal="9" sl="43" sc="1" el="43" ec="2" bec="0" bev="0" fileid="5" />
                <SequencePoint vc="2" uspid="44" ordinal="10" sl="44" sc="1" el="44" ec="2" bec="0" bev="0" fileid="5" />
                <SequencePoint vc="2" uspid="45" ordinal="11" sl="45" sc="1" el="45" ec="2" bec="0" bev="0" fileid="5" />
                <SequencePoint vc="2" uspid="46" ordinal="12" sl="46" sc="1" el="46" ec="2" bec="0" bev="0" fileid="5" />
                <SequencePoint vc="2" uspid="47" ordinal="13" sl="47" sc="1" el="47" ec="2" bec="0" bev="0" fileid="5" />
                <SequencePoint vc="3" uspid="49" ordinal="14" sl="49" sc="1" el="49" ec="2" bec="0" bev="0" fileid="5" />
              </SequencePoints>
              <BranchPoints>
                <BranchPoint vc="1" uspid="35" ordinal="0" path="0" offset="22" offsetend="24" sl="35" fileid="5" />
                <BranchPoint vc="2" uspid="35" ordinal="1" path="1" offset="22" offsetend="42" sl="35" fileid="5" />
              </BranchPoints>
              <MethodPoint vc="15" uspid="0" p8:type="SequencePoint" ordinal="1" offset="1" sc="0" sl="33" ec="1" el="49" bec="0" bev="0" fileid="5" xmlns:p8="xsi" />
            </Method>
            <Method cyclomaticComplexity="1" nPathComplexity="1" sequenceCoverage="100" branchCoverage="100" isConstructor="False" isGetter="False" isSetter="False" isStatic="True">
              <Summary numSequencePoints="9" visitedSequencePoints="9" numBranchPoints="0" visitedBranchPoints="0" sequenceCoverage="100" branchCoverage="100" maxCyclomaticComplexity="1" minCyclomaticComplexity="1" visitedClasses="0" numClasses="0" visitedMethods="1" numMethods="1" />
              <MetadataToken />
              <Name>System.Void ATMSimulation.Entities.Customer::DepositFunds(ATMSimulation.DatabaseConnection.IDatabaseConnection,System.Decimal)</Name>
              <FileRef uid="5" />
              <SequencePoints>
                <SequencePoint vc="2" uspid="52" ordinal="0" sl="52" sc="1" el="52" ec="2" bec="0" bev="0" fileid="5" />
                <SequencePoint vc="2" uspid="53" ordinal="1" sl="53" sc="1" el="53" ec="2" bec="0" bev="0" fileid="5" />
                <SequencePoint vc="2" uspid="54" ordinal="2" sl="54" sc="1" el="54" ec="2" bec="0" bev="0" fileid="5" />
                <SequencePoint vc="2" uspid="55" ordinal="3" sl="55" sc="1" el="55" ec="2" bec="0" bev="0" fileid="5" />
                <SequencePoint vc="2" uspid="56" ordinal="4" sl="56" sc="1" el="56" ec="2" bec="0" bev="0" fileid="5" />
                <SequencePoint vc="2" uspid="57" ordinal="5" sl="57" sc="1" el="57" ec="2" bec="0" bev="0" fileid="5" />
                <SequencePoint vc="2" uspid="58" ordinal="6" sl="58" sc="1" el="58" ec="2" bec="0" bev="0" fileid="5" />
                <SequencePoint vc="2" uspid="59" ordinal="7" sl="59" sc="1" el="59" ec="2" bec="0" bev="0" fileid="5" />
                <SequencePoint vc="2" uspid="60" ordinal="8" sl="60" sc="1" el="60" ec="2" bec="0" bev="0" fileid="5" />
              </SequencePoints>
              <BranchPoints />
              <MethodPoint vc="9" uspid="0" p8:type="SequencePoint" ordinal="2" offset="2" sc="0" sl="52" ec="1" el="60" bec="0" bev="0" fileid="5" xmlns:p8="xsi" />
            </Method>
            <Method cyclomaticComplexity="1" nPathComplexity="1" sequenceCoverage="100" branchCoverage="100" isConstructor="True" isGetter="False" isSetter="False" isStatic="True">
              <Summary numSequencePoints="2" visitedSequencePoints="2" numBranchPoints="0" visitedBranchPoints="0" sequenceCoverage="100" branchCoverage="100" maxCyclomaticComplexity="1" minCyclomaticComplexity="1" visitedClasses="0" numClasses="0" visitedMethods="1" numMethods="1" />
              <MetadataToken />
              <Name>System.Void ATMSimulation.Entities.Customer::.ctor(System.String,System.String,System.Decimal)</Name>
              <FileRef uid="5" />
              <SequencePoints>
                <SequencePoint vc="7" uspid="10" ordinal="0" sl="10" sc="1" el="10" ec="2" bec="0" bev="0" fileid="5" />
                <SequencePoint vc="7" uspid="12" ordinal="1" sl="12" sc="1" el="12" ec="2" bec="0" bev="0" fileid="5" />
              </SequencePoints>
              <BranchPoints />
              <MethodPoint vc="2" uspid="0" p8:type="SequencePoint" ordinal="3" offset="3" sc="0" sl="10" ec="1" el="12" bec="0" bev="0" fileid="5" xmlns:p8="xsi" />
            </Method>
          </Methods>
        </Class>
        <Class>
          <Summary numSequencePoints="3" visitedSequencePoints="3" numBranchPoints="0" visitedBranchPoints="0" sequenceCoverage="100" branchCoverage="100" maxCyclomaticComplexity="1" minCyclomaticComplexity="1" visitedClasses="1" numClasses="1" visitedMethods="3" numMethods="3" />
          <FullName>ATMSimulation.Entities.User</FullName>
          <Methods>
            <Method cyclomaticComplexity="1" nPathComplexity="1" sequenceCoverage="100" branchCoverage="100" isConstructor="False" isGetter="True" isSetter="False" isStatic="True">
              <Summary numSequencePoints="1" visitedSequencePoints="1" numBranchPoints="0" visitedBranchPoints="0" sequenceCoverage="100" branchCoverage="100" maxCyclomaticComplexity="1" minCyclomaticComplexity="1" visitedClasses="0" numClasses="0" visitedMethods="1" numMethods="1" />
              <MetadataToken />
              <Name>System.String ATMSimulation.Entities.User::get_Login()</Name>
              <FileRef uid="6" />
              <SequencePoints>
                <SequencePoint vc="26" uspid="9" ordinal="0" sl="9" sc="1" el="9" ec="2" bec="0" bev="0" fileid="6" />
              </SequencePoints>
              <BranchPoints />
              <MethodPoint vc="1" uspid="0" p8:type="SequencePoint" ordinal="0" offset="0" sc="0" sl="9" ec="1" el="9" bec="0" bev="0" fileid="6" xmlns:p8="xsi" />
            </Method>
            <Method cyclomaticComplexity="1" nPathComplexity="1" sequenceCoverage="100" branchCoverage="100" isConstructor="False" isGetter="True" isSetter="False" isStatic="True">
              <Summary numSequencePoints="1" visitedSequencePoints="1" numBranchPoints="0" visitedBranchPoints="0" sequenceCoverage="100" branchCoverage="100" maxCyclomaticComplexity="1" minCyclomaticComplexity="1" visitedClasses="0" numClasses="0" visitedMethods="1" numMethods="1" />
              <MetadataToken />
              <Name>System.String ATMSimulation.Entities.User::get_PinCode()</Name>
              <FileRef uid="6" />
              <SequencePoints>
                <SequencePoint vc="18" uspid="11" ordinal="0" sl="11" sc="1" el="11" ec="2" bec="0" bev="0" fileid="6" />
              </SequencePoints>
              <BranchPoints />
              <MethodPoint vc="1" uspid="0" p8:type="SequencePoint" ordinal="1" offset="1" sc="0" sl="11" ec="1" el="11" bec="0" bev="0" fileid="6" xmlns:p8="xsi" />
            </Method>
            <Method cyclomaticComplexity="1" nPathComplexity="1" sequenceCoverage="100" branchCoverage="100" isConstructor="True" isGetter="False" isSetter="False" isStatic="True">
              <Summary numSequencePoints="1" visitedSequencePoints="1" numBranchPoints="0" visitedBranchPoints="0" sequenceCoverage="100" branchCoverage="100" maxCyclomaticComplexity="1" minCyclomaticComplexity="1" visitedClasses="0" numClasses="0" visitedMethods="1" numMethods="1" />
              <MetadataToken />
              <Name>System.Void ATMSimulation.Entities.User::.ctor(System.String,System.String)</Name>
              <FileRef uid="6" />
              <SequencePoints>
                <SequencePoint vc="18" uspid="7" ordinal="0" sl="7" sc="1" el="7" ec="2" bec="0" bev="0" fileid="6" />
              </SequencePoints>
              <BranchPoints />
              <MethodPoint vc="1" uspid="0" p8:type="SequencePoint" ordinal="2" offset="2" sc="0" sl="7" ec="1" el="7" bec="0" bev="0" fileid="6" xmlns:p8="xsi" />
            </Method>
          </Methods>
        </Class>
      </Classes>
    </Module>
  </Modules>
</CoverageSession>